<?xml version="1.0" encoding="UTF-8"?>
<!-- Generated by org.testng.reporters.JUnitReportReporter -->
<testsuite skipped="0" hostname="LAPTOP-1826LOER" name="net.ssqa.testcase.RegisrationPageTests" tests="1" failures="0" timestamp="12 Jul 2021 13:54:35 GMT" time="103.015" errors="0">
  <testcase name="testUserRegistration" time="103.015" classname="net.ssqa.testcase.RegisrationPageTests"/>
</testsuite> <!-- net.ssqa.testcase.RegisrationPageTests -->
